<?xml version="1.0" encoding="UTF-8" ?>
<testsuites>
  <testsuite errors="0" failures="0" hostname="pcav" id="0" name="BookmarkTest" package="com.tonbeller.jpivot.mondrian" tests="1" time="4.112" timestamp="2008-03-17T13:51:39">
      <properties>
[...]
</properties>

      <testcase classname="com.tonbeller.jpivot.mondrian.BookmarkTest" name="testTopCount" time="4.034" />

      <system-out />

      <system-err />

  </testsuite>
  <testsuite errors="0" failures="0" hostname="pcav" id="1" name="CoSalUniTest" package="com.tonbeller.jpivot.mondrian" tests="1" time="3.453" timestamp="2008-03-17T13:51:44">
      <properties>
[...]
</properties>

      <testcase classname="com.tonbeller.jpivot.mondrian.CoSalUniTest" name="testCoSalUni" time="3.374" />

      <system-out />

      <system-err />

  </testsuite>
  <testsuite errors="0" failures="0" hostname="pcav" id="2" name="DrillReplaceTest" package="com.tonbeller.jpivot.mondrian" tests="4" time="6.011" timestamp="2008-03-17T13:51:48">
      <properties>
[...]
</properties>

      <testcase classname="com.tonbeller.jpivot.mondrian.DrillReplaceTest" name="testCrossJoin" time="2.873" />

      <testcase classname="com.tonbeller.jpivot.mondrian.DrillReplaceTest" name="testSingle" time="1.726" />

      <testcase classname="com.tonbeller.jpivot.mondrian.DrillReplaceTest" name="testTwoCrossjDown" time="0.643" />

      <testcase classname="com.tonbeller.jpivot.mondrian.DrillReplaceTest" name="testTwoCrossjUp" time="0.691" />

      <system-out />

      <system-err />

  </testsuite>
  <testsuite errors="0" failures="0" hostname="pcav" id="3" name="EmptyResultTest" package="com.tonbeller.jpivot.mondrian" tests="1" time="3.61" timestamp="2008-03-17T13:51:54">
      <properties>
[...]
</properties>

      <testcase classname="com.tonbeller.jpivot.mondrian.EmptyResultTest" name="testEmptyResult" time="3.531" />

      <system-out />

      <system-err />

  </testsuite>
  <testsuite errors="0" failures="0" hostname="pcav" id="4" name="ExpandAllTest" package="com.tonbeller.jpivot.mondrian" tests="1" time="3.5" timestamp="2008-03-17T13:51:58">
      <properties>
[...]
</properties>

      <testcase classname="com.tonbeller.jpivot.mondrian.ExpandAllTest" name="testExpandAllMember" time="3.422" />

      <system-out />

      <system-err />

  </testsuite>
  <testsuite errors="0" failures="0" hostname="pcav" id="5" name="ExpandCollapseTest" package="com.tonbeller.jpivot.mondrian" tests="3" time="3.79" timestamp="2008-03-17T13:52:02">
      <properties>
[...]
</properties>

      <testcase classname="com.tonbeller.jpivot.mondrian.ExpandCollapseTest" name="testExpandPosMem" time="2.772" />

      <testcase classname="com.tonbeller.jpivot.mondrian.ExpandCollapseTest" name="testExpandMem" time="0.407" />

      <testcase classname="com.tonbeller.jpivot.mondrian.ExpandCollapseTest" name="testMixedMode" time="0.517" />

      <system-out />

      <system-err />

  </testsuite>
  <testsuite errors="0" failures="0" hostname="pcav" id="6" name="ExpandPositionSpanTest" package="com.tonbeller.jpivot.mondrian" tests="1" time="13.341" timestamp="2008-03-17T13:52:06">
      <properties>
[...]
</properties>

      <testcase classname="com.tonbeller.jpivot.mondrian.ExpandPositionSpanTest" name="testExpandPositionSpan" time="13.247" />

      <system-out />

      <system-err />

  </testsuite>
  <testsuite errors="0" failures="0" hostname="pcav" id="7" name="MementoTest" package="com.tonbeller.jpivot.mondrian" tests="10" time="18.775" timestamp="2008-03-17T13:52:20">
      <properties>
[...]
</properties>

      <testcase classname="com.tonbeller.jpivot.mondrian.MementoTest" name="testMementoExpandExtensional" time="13.545" />

      <testcase classname="com.tonbeller.jpivot.mondrian.MementoTest" name="testMementoExpandIntensional" time="0.203" />

      <testcase classname="com.tonbeller.jpivot.mondrian.MementoTest" name="testMementoDrillExtensional" time="1.175" />

      <testcase classname="com.tonbeller.jpivot.mondrian.MementoTest" name="testMementoDrillIntensional" time="0.657" />

      <testcase classname="com.tonbeller.jpivot.mondrian.MementoTest" name="testSlicerExtensional" time="1.222" />

      <testcase classname="com.tonbeller.jpivot.mondrian.MementoTest" name="testSlicerIntensional" time="0.109" />

      <testcase classname="com.tonbeller.jpivot.mondrian.MementoTest" name="testSortExtensional" time="0.219" />

      <testcase classname="com.tonbeller.jpivot.mondrian.MementoTest" name="testSortIntensional" time="0.173" />

      <testcase classname="com.tonbeller.jpivot.mondrian.MementoTest" name="testSortCalcMeasureExtensional" time="1.284" />

      <testcase classname="com.tonbeller.jpivot.mondrian.MementoTest" name="testSortCalcMeasureIntensional" time="0.094" />

      <system-out />

      <system-err />

  </testsuite>
  <testsuite errors="0" failures="0" hostname="pcav" id="8" name="OrderingTest" package="com.tonbeller.jpivot.mondrian" tests="2" time="11.901" timestamp="2008-03-17T13:52:39">
      <properties>
[...]
</properties>

      <testcase classname="com.tonbeller.jpivot.mondrian.OrderingTest" name="testOrderDrillPos" time="9.317" />

      <testcase classname="com.tonbeller.jpivot.mondrian.OrderingTest" name="testOrderSwitchMode" time="2.506" />

      <system-out />

      <system-err />

  </testsuite>
  <testsuite errors="0" failures="0" hostname="pcav" id="9" name="TimeSchemaTest" package="com.tonbeller.jpivot.mondrian" tests="1" time="2.834" timestamp="2008-03-17T13:52:51">
      <properties>
[...]
</properties>

      <testcase classname="com.tonbeller.jpivot.mondrian.TimeSchemaTest" name="testTimeDimNonTimeLev" time="2.756" />

      <system-out />

      <system-err />

  </testsuite>
  <testsuite errors="0" failures="0" hostname="pcav" id="10" name="VariousTest" package="com.tonbeller.jpivot.mondrian" tests="1" time="5.386" timestamp="2008-03-17T13:52:55">
      <properties>
[...]
</properties>

      <testcase classname="com.tonbeller.jpivot.mondrian.VariousTest" name="testSetCollapse" time="5.308" />

      <system-out />

      <system-err />

  </testsuite>
  <testsuite errors="0" failures="0" hostname="pcav" id="11" name="ExpressionPrinterTest" package="com.tonbeller.jpivot.olap.model.impl" tests="5" time="0.125" timestamp="2008-03-17T13:53:00">
      <properties>
[...]
</properties>

      <testcase classname="com.tonbeller.jpivot.olap.model.impl.ExpressionPrinterTest" name="testCall" time="0.015" />

      <testcase classname="com.tonbeller.jpivot.olap.model.impl.ExpressionPrinterTest" name="testProper" time="0.0" />

      <testcase classname="com.tonbeller.jpivot.olap.model.impl.ExpressionPrinterTest" name="testTupel" time="0.0" />

      <testcase classname="com.tonbeller.jpivot.olap.model.impl.ExpressionPrinterTest" name="testSet" time="0.016" />

      <testcase classname="com.tonbeller.jpivot.olap.model.impl.ExpressionPrinterTest" name="testParam" time="0.0" />

      <system-out />

      <system-err />

  </testsuite>
  <testsuite errors="0" failures="0" hostname="pcav" id="12" name="FormatStringParserTest" package="com.tonbeller.jpivot.olap.model.impl" tests="1" time="0.219" timestamp="2008-03-17T13:53:01">
      <properties>
[...]
</properties>

      <testcase classname="com.tonbeller.jpivot.olap.model.impl.FormatStringParserTest" name="testParse" time="0.125" />

      <system-out><![CDATA[[JPivot] 17 Mrz 2008 14:53:01,465 ERROR [Session ] com.tonbeller.jpivot.olap.model.impl.FormatStringParser#getCellFormatter: Could not find a property definition for exit = hhhmmss
]]></system-out>

      <system-err />

  </testsuite>
  <testsuite errors="0" failures="0" hostname="pcav" id="13" name="ClickableMemberTest" package="com.tonbeller.jpivot.param" tests="1" time="0.11" timestamp="2008-03-17T13:53:01">
      <properties>
[...]
</properties>

      <testcase classname="com.tonbeller.jpivot.param.ClickableMemberTest" name="testMemberInstance" time="0.016" />

      <system-out />

      <system-err />

  </testsuite>
  <testsuite errors="0" failures="0" hostname="pcav" id="14" name="PropertySpanBuilderTest" package="com.tonbeller.jpivot.table.span" tests="8" time="0.235" timestamp="2008-03-17T13:53:02">
      <properties>
[...]
</properties>

      <testcase classname="com.tonbeller.jpivot.table.span.PropertySpanBuilderTest" name="testHierarchy" time="0.125" />

      <testcase classname="com.tonbeller.jpivot.table.span.PropertySpanBuilderTest" name="testIdentity" time="0.0" />

      <testcase classname="com.tonbeller.jpivot.table.span.PropertySpanBuilderTest" name="testAddPropertySpansSameHier" time="0.0" />

      <testcase classname="com.tonbeller.jpivot.table.span.PropertySpanBuilderTest" name="testAddPropertySpansSameDiffHier" time="0.0" />

      <testcase classname="com.tonbeller.jpivot.table.span.PropertySpanBuilderTest" name="testVisibleNames1" time="0.0" />

      <testcase classname="com.tonbeller.jpivot.table.span.PropertySpanBuilderTest" name="testVisibleNames2" time="0.0" />

      <testcase classname="com.tonbeller.jpivot.table.span.PropertySpanBuilderTest" name="testVisibleNames3" time="0.0" />

      <testcase classname="com.tonbeller.jpivot.table.span.PropertySpanBuilderTest" name="testVisibleNames4" time="0.0" />

      <system-out />

      <system-err />

  </testsuite>
  <testsuite errors="0" failures="0" hostname="pcav" id="15" name="PropertyUtilsTest" package="com.tonbeller.jpivot.table.span" tests="9" time="0.313" timestamp="2008-03-17T13:53:03">
      <properties>
[...]
</properties>

      <testcase classname="com.tonbeller.jpivot.table.span.PropertyUtilsTest" name="testIsStyleProperty" time="0.094" />

      <testcase classname="com.tonbeller.jpivot.table.span.PropertyUtilsTest" name="testAddProperties1" time="0.078" />

      <testcase classname="com.tonbeller.jpivot.table.span.PropertyUtilsTest" name="testAddProperties2" time="0.016" />

      <testcase classname="com.tonbeller.jpivot.table.span.PropertyUtilsTest" name="testAddInlineProperties" time="0.0" />

      <testcase classname="com.tonbeller.jpivot.table.span.PropertyUtilsTest" name="testAddInlineProperties2" time="0.015" />

      <testcase classname="com.tonbeller.jpivot.table.span.PropertyUtilsTest" name="testNormalize1" time="0.0" />

      <testcase classname="com.tonbeller.jpivot.table.span.PropertyUtilsTest" name="testNormalize2" time="0.0" />

      <testcase classname="com.tonbeller.jpivot.table.span.PropertyUtilsTest" name="testNormalize3" time="0.016" />

      <testcase classname="com.tonbeller.jpivot.table.span.PropertyUtilsTest" name="testFlags" time="0.0" />

      <system-out />

      <system-err />

  </testsuite>
  <testsuite errors="0" failures="0" hostname="pcav" id="16" name="ScopedPropertyMetaSetTest" package="com.tonbeller.jpivot.table.span" tests="4" time="0.203" timestamp="2008-03-17T13:53:03">
      <properties>
[...]
</properties>

      <testcase classname="com.tonbeller.jpivot.table.span.ScopedPropertyMetaSetTest" name="testLevelScope" time="0.016" />

      <testcase classname="com.tonbeller.jpivot.table.span.ScopedPropertyMetaSetTest" name="testHierarchyScope" time="0.015" />

      <testcase classname="com.tonbeller.jpivot.table.span.ScopedPropertyMetaSetTest" name="testIntersectList" time="0.0" />

      <testcase classname="com.tonbeller.jpivot.table.span.ScopedPropertyMetaSetTest" name="testAddMember" time="0.094" />

      <system-out />

      <system-err />

  </testsuite>
  <testsuite errors="0" failures="0" hostname="pcav" id="17" name="SpanCalcTest" package="com.tonbeller.jpivot.table.span" tests="17" time="0.235" timestamp="2008-03-17T13:53:04">
      <properties>
[...]
</properties>

      <testcase classname="com.tonbeller.jpivot.table.span.SpanCalcTest" name="testPlausibility" time="0.094" />

      <testcase classname="com.tonbeller.jpivot.table.span.SpanCalcTest" name="testTriangle_AN_BN" time="0.0" />

      <testcase classname="com.tonbeller.jpivot.table.span.SpanCalcTest" name="testTriangle_AH_BH" time="0.015" />

      <testcase classname="com.tonbeller.jpivot.table.span.SpanCalcTest" name="testTriangle_AP_BP" time="0.0" />

      <testcase classname="com.tonbeller.jpivot.table.span.SpanCalcTest" name="testTriangle_AH_BP" time="0.0" />

      <testcase classname="com.tonbeller.jpivot.table.span.SpanCalcTest" name="testTriangle_AHP_BHP" time="0.0" />

      <testcase classname="com.tonbeller.jpivot.table.span.SpanCalcTest" name="testHierarchicalPositionSpans1" time="0.0" />

      <testcase classname="com.tonbeller.jpivot.table.span.SpanCalcTest" name="testHierarchicalPositionSpans2" time="0.0" />

      <testcase classname="com.tonbeller.jpivot.table.span.SpanCalcTest" name="testBug1" time="0.0" />

      <testcase classname="com.tonbeller.jpivot.table.span.SpanCalcTest" name="testMultiSpan1" time="0.0" />

      <testcase classname="com.tonbeller.jpivot.table.span.SpanCalcTest" name="testMultiSpan2" time="0.0" />

      <testcase classname="com.tonbeller.jpivot.table.span.SpanCalcTest" name="testInitializer" time="0.0" />

      <testcase classname="com.tonbeller.jpivot.table.span.SpanCalcTest" name="testAddAllEqualToHierarchy" time="0.016" />

      <testcase classname="com.tonbeller.jpivot.table.span.SpanCalcTest" name="testAddHierarchiesToHierarchy" time="0.0" />

      <testcase classname="com.tonbeller.jpivot.table.span.SpanCalcTest" name="testAddLevelsToHierarchy" time="0.015" />

      <testcase classname="com.tonbeller.jpivot.table.span.SpanCalcTest" name="testCreatePositionHeader1" time="0.0" />

      <testcase classname="com.tonbeller.jpivot.table.span.SpanCalcTest" name="testCreatePositionHeader2" time="0.0" />

      <system-out />

      <system-err />

  </testsuite>
  <testsuite errors="0" failures="0" hostname="pcav" id="18" name="SpanConfigSupportTest" package="com.tonbeller.jpivot.table.span" tests="2" time="0.157" timestamp="2008-03-17T13:53:04">
      <properties>
[...]
</properties>

      <testcase classname="com.tonbeller.jpivot.table.span.SpanConfigSupportTest" name="testChooseSpanDirection" time="0.079" />

      <testcase classname="com.tonbeller.jpivot.table.span.SpanConfigSupportTest" name="testOrder" time="0.0" />

      <system-out />

      <system-err />

  </testsuite>
  <testsuite errors="0" failures="0" hostname="pcav" id="19" name="StateManagerTest" package="com.tonbeller.jpivot.tags" tests="10" time="0.173" timestamp="2008-03-17T13:53:05">
      <properties>
[...]
</properties>

      <testcase classname="com.tonbeller.jpivot.tags.StateManagerTest" name="testStackedReplace" time="0.062" />

      <testcase classname="com.tonbeller.jpivot.tags.StateManagerTest" name="testStackedStacked" time="0.0" />

      <testcase classname="com.tonbeller.jpivot.tags.StateManagerTest" name="testStackedCurrentByName" time="0.016" />

      <testcase classname="com.tonbeller.jpivot.tags.StateManagerTest" name="testStackInitializeDestroy" time="0.0" />

      <testcase classname="com.tonbeller.jpivot.tags.StateManagerTest" name="testStackedDestroyByNameCurrent" time="0.0" />

      <testcase classname="com.tonbeller.jpivot.tags.StateManagerTest" name="testStackedDestroyByNameNotCurrent" time="0.0" />

      <testcase classname="com.tonbeller.jpivot.tags.StateManagerTest" name="testPageStateManager" time="0.0" />

      <testcase classname="com.tonbeller.jpivot.tags.StateManagerTest" name="testPageCurrentByName" time="0.0" />

      <testcase classname="com.tonbeller.jpivot.tags.StateManagerTest" name="testPageDestroyByNameCurrent" time="0.0" />

      <testcase classname="com.tonbeller.jpivot.tags.StateManagerTest" name="testPageDestroyByNameNotCurrent" time="0.0" />

      <system-out><![CDATA[[JPivot] 17 Mrz 2008 14:53:05,567 ERROR [Session ] com.tonbeller.jpivot.tags.Log4jStateLogger#error: not found in stack: xxx
]]></system-out>

      <system-err />

  </testsuite>
  <testsuite errors="0" failures="0" hostname="pcav" id="20" name="DimensionBuilderTest" package="com.tonbeller.jpivot.test.olap" tests="1" time="0.109" timestamp="2008-03-17T13:53:06">
      <properties>
[...]
</properties>

      <testcase classname="com.tonbeller.jpivot.test.olap.DimensionBuilderTest" name="testBuild" time="0.031" />

      <system-out />

      <system-err />

  </testsuite>
  <testsuite errors="0" failures="0" hostname="pcav" id="21" name="ModelFactoryTest" package="com.tonbeller.jpivot.test.olap" tests="6" time="1.534" timestamp="2008-03-17T13:53:06">
      <properties>
[...]
</properties>

      <testcase classname="com.tonbeller.jpivot.test.olap.ModelFactoryTest" name="testListener" time="0.564" />

      <testcase classname="com.tonbeller.jpivot.test.olap.ModelFactoryTest" name="testInstance" time="0.188" />

      <testcase classname="com.tonbeller.jpivot.test.olap.ModelFactoryTest" name="testResult" time="0.235" />

      <testcase classname="com.tonbeller.jpivot.test.olap.ModelFactoryTest" name="testDrillExpand" time="0.094" />

      <testcase classname="com.tonbeller.jpivot.test.olap.ModelFactoryTest" name="testTestable" time="0.234" />

      <testcase classname="com.tonbeller.jpivot.test.olap.ModelFactoryTest" name="testTestable2" time="0.141" />

      <system-out />

      <system-err />

  </testsuite>
</testsuites>
